<?xml version="1.0" encoding="UTF-8"?>
<!-- Generated by org.testng.reporters.JUnitReportReporter -->
<testsuite hostname="KISHU-DELL-DESK" failures="0" tests="2" name="com.training.runner.Runner" time="7.631" errors="0" timestamp="2022-05-29T11:03:59 EDT" skipped="0">
  <testcase classname="com.training.runner.Runner" name="runScenario" time="3.531"/>
  <system-out/>
  <testcase classname="com.training.runner.Runner" name="runScenario" time="4.100"/>
  <system-out/>
</testsuite> <!-- com.training.runner.Runner -->
